2023-12-04T08:19:15.0076362+00:00 [INF] (Microsoft.Hosting.Lifetime) Now listening on: "https://localhost:7143"
2023-12-04T08:19:15.1539266+00:00 [INF] (Microsoft.Hosting.Lifetime) Now listening on: "http://localhost:5225"
2023-12-04T08:19:15.1600471+00:00 [INF] (Microsoft.Hosting.Lifetime) Application started. Press Ctrl+C to shut down.
2023-12-04T08:19:15.1620122+00:00 [INF] (Microsoft.Hosting.Lifetime) Hosting environment: "Development"
2023-12-04T08:19:15.1622956+00:00 [INF] (Microsoft.Hosting.Lifetime) Content root path: "C:\Users\AGueye1\source\repos\NetCore\Cafetaria\CantineBack\"
2023-12-04T08:26:06.9086051+00:00 [INF] (Microsoft.Hosting.Lifetime) Now listening on: "https://localhost:7143"
2023-12-04T08:26:06.9769307+00:00 [INF] (Microsoft.Hosting.Lifetime) Now listening on: "http://localhost:5225"
2023-12-04T08:26:06.9844307+00:00 [INF] (Microsoft.Hosting.Lifetime) Application started. Press Ctrl+C to shut down.
2023-12-04T08:26:06.9851286+00:00 [INF] (Microsoft.Hosting.Lifetime) Hosting environment: "Development"
2023-12-04T08:26:06.9853976+00:00 [INF] (Microsoft.Hosting.Lifetime) Content root path: "C:\Users\AGueye1\source\repos\NetCore\Cafetaria\CantineBack\"
2023-12-04T09:22:42.6744626+00:00 [INF] (Microsoft.Hosting.Lifetime) Now listening on: "https://localhost:7143"
2023-12-04T09:22:42.7435056+00:00 [INF] (Microsoft.Hosting.Lifetime) Now listening on: "http://localhost:5225"
2023-12-04T09:22:42.7528299+00:00 [INF] (Microsoft.Hosting.Lifetime) Application started. Press Ctrl+C to shut down.
2023-12-04T09:22:42.7536835+00:00 [INF] (Microsoft.Hosting.Lifetime) Hosting environment: "Development"
2023-12-04T09:22:42.7538287+00:00 [INF] (Microsoft.Hosting.Lifetime) Content root path: "C:\Users\AGueye1\source\repos\NetCore\Cafetaria\CantineBack\"
2023-12-04T09:27:57.5934795+00:00 [INF] (Microsoft.Hosting.Lifetime) Now listening on: "https://localhost:7143"
2023-12-04T09:27:57.7931288+00:00 [INF] (Microsoft.Hosting.Lifetime) Now listening on: "http://localhost:5225"
2023-12-04T09:27:57.7974933+00:00 [INF] (Microsoft.Hosting.Lifetime) Application started. Press Ctrl+C to shut down.
2023-12-04T09:27:57.7981737+00:00 [INF] (Microsoft.Hosting.Lifetime) Hosting environment: "Development"
2023-12-04T09:27:57.7983452+00:00 [INF] (Microsoft.Hosting.Lifetime) Content root path: "C:\Users\AGueye1\source\repos\NetCore\Cafetaria\CantineBack\"
2023-12-04T09:32:00.3476256+00:00 [INF] (Microsoft.Hosting.Lifetime) Now listening on: "https://localhost:7143"
2023-12-04T09:32:00.3937798+00:00 [INF] (Microsoft.Hosting.Lifetime) Now listening on: "http://localhost:5225"
2023-12-04T09:32:00.3978654+00:00 [INF] (Microsoft.Hosting.Lifetime) Application started. Press Ctrl+C to shut down.
2023-12-04T09:32:00.3984762+00:00 [INF] (Microsoft.Hosting.Lifetime) Hosting environment: "Development"
2023-12-04T09:32:00.3986189+00:00 [INF] (Microsoft.Hosting.Lifetime) Content root path: "C:\Users\AGueye1\source\repos\NetCore\Cafetaria\CantineBack\"
2023-12-04T10:00:42.0833742+00:00 [INF] (Microsoft.Hosting.Lifetime) Now listening on: "https://localhost:7143"
2023-12-04T10:00:42.1367067+00:00 [INF] (Microsoft.Hosting.Lifetime) Now listening on: "http://localhost:5225"
2023-12-04T10:00:42.1430122+00:00 [INF] (Microsoft.Hosting.Lifetime) Application started. Press Ctrl+C to shut down.
2023-12-04T10:00:42.1437610+00:00 [INF] (Microsoft.Hosting.Lifetime) Hosting environment: "Development"
2023-12-04T10:00:42.1439080+00:00 [INF] (Microsoft.Hosting.Lifetime) Content root path: "C:\Users\AGueye1\source\repos\NetCore\Cafetaria\CantineBack\"
2023-12-04T10:03:08.4694445+00:00 [INF] (Microsoft.Hosting.Lifetime) Now listening on: "https://localhost:7143"
2023-12-04T10:03:08.5537935+00:00 [INF] (Microsoft.Hosting.Lifetime) Now listening on: "http://localhost:5225"
2023-12-04T10:03:08.5707137+00:00 [INF] (Microsoft.Hosting.Lifetime) Application started. Press Ctrl+C to shut down.
2023-12-04T10:03:08.5718062+00:00 [INF] (Microsoft.Hosting.Lifetime) Hosting environment: "Development"
2023-12-04T10:03:08.5723081+00:00 [INF] (Microsoft.Hosting.Lifetime) Content root path: "C:\Users\AGueye1\source\repos\NetCore\Cafetaria\CantineBack\"
2023-12-04T10:12:02.6237549+00:00 [INF] (Microsoft.Hosting.Lifetime) Now listening on: "https://localhost:7143"
2023-12-04T10:12:02.6703446+00:00 [INF] (Microsoft.Hosting.Lifetime) Now listening on: "http://localhost:5225"
2023-12-04T10:12:02.6735856+00:00 [INF] (Microsoft.Hosting.Lifetime) Application started. Press Ctrl+C to shut down.
2023-12-04T10:12:02.6740057+00:00 [INF] (Microsoft.Hosting.Lifetime) Hosting environment: "Development"
2023-12-04T10:12:02.6741079+00:00 [INF] (Microsoft.Hosting.Lifetime) Content root path: "C:\Users\AGueye1\source\repos\NetCore\Cafetaria\CantineBack\"
2023-12-04T10:19:49.7834984+00:00 [INF] (Microsoft.Hosting.Lifetime) Now listening on: "https://localhost:7143"
2023-12-04T10:19:49.8321618+00:00 [INF] (Microsoft.Hosting.Lifetime) Now listening on: "http://localhost:5225"
2023-12-04T10:19:49.8348586+00:00 [INF] (Microsoft.Hosting.Lifetime) Application started. Press Ctrl+C to shut down.
2023-12-04T10:19:49.8351895+00:00 [INF] (Microsoft.Hosting.Lifetime) Hosting environment: "Development"
2023-12-04T10:19:49.8352479+00:00 [INF] (Microsoft.Hosting.Lifetime) Content root path: "C:\Users\AGueye1\source\repos\NetCore\Cafetaria\CantineBack\"
2023-12-04T10:23:17.3183650+00:00 [INF] (Microsoft.Hosting.Lifetime) Now listening on: "https://localhost:7143"
2023-12-04T10:23:17.4898497+00:00 [INF] (Microsoft.Hosting.Lifetime) Now listening on: "http://localhost:5225"
2023-12-04T10:23:17.4948549+00:00 [INF] (Microsoft.Hosting.Lifetime) Application started. Press Ctrl+C to shut down.
2023-12-04T10:23:17.4954146+00:00 [INF] (Microsoft.Hosting.Lifetime) Hosting environment: "Development"
2023-12-04T10:23:17.4955325+00:00 [INF] (Microsoft.Hosting.Lifetime) Content root path: "C:\Users\AGueye1\source\repos\NetCore\Cafetaria\CantineBack\"
2023-12-04T10:28:40.3428159+00:00 [INF] (Microsoft.Hosting.Lifetime) Now listening on: "https://localhost:7143"
2023-12-04T10:28:40.4030832+00:00 [INF] (Microsoft.Hosting.Lifetime) Now listening on: "http://localhost:5225"
2023-12-04T10:28:40.4088092+00:00 [INF] (Microsoft.Hosting.Lifetime) Application started. Press Ctrl+C to shut down.
2023-12-04T10:28:40.4099432+00:00 [INF] (Microsoft.Hosting.Lifetime) Hosting environment: "Development"
2023-12-04T10:28:40.4100810+00:00 [INF] (Microsoft.Hosting.Lifetime) Content root path: "C:\Users\AGueye1\source\repos\NetCore\Cafetaria\CantineBack\"
2023-12-04T10:43:06.9658121+00:00 [INF] (Microsoft.Hosting.Lifetime) Now listening on: "https://localhost:7143"
2023-12-04T10:43:07.0186059+00:00 [INF] (Microsoft.Hosting.Lifetime) Now listening on: "http://localhost:5225"
2023-12-04T10:43:07.0243301+00:00 [INF] (Microsoft.Hosting.Lifetime) Application started. Press Ctrl+C to shut down.
2023-12-04T10:43:07.0252931+00:00 [INF] (Microsoft.Hosting.Lifetime) Hosting environment: "Development"
2023-12-04T10:43:07.0254323+00:00 [INF] (Microsoft.Hosting.Lifetime) Content root path: "C:\Users\AGueye1\source\repos\NetCore\Cafetaria\CantineBack\"
2023-12-04T10:48:15.2290583+00:00 [INF] (Microsoft.Hosting.Lifetime) Now listening on: "https://localhost:7143"
2023-12-04T10:48:15.3021151+00:00 [INF] (Microsoft.Hosting.Lifetime) Now listening on: "http://localhost:5225"
2023-12-04T10:48:15.3058432+00:00 [INF] (Microsoft.Hosting.Lifetime) Application started. Press Ctrl+C to shut down.
2023-12-04T10:48:15.3063986+00:00 [INF] (Microsoft.Hosting.Lifetime) Hosting environment: "Development"
2023-12-04T10:48:15.3064983+00:00 [INF] (Microsoft.Hosting.Lifetime) Content root path: "C:\Users\AGueye1\source\repos\NetCore\Cafetaria\CantineBack\"
