2023-11-29T09:14:21.6172402+00:00 [INF] (Microsoft.Hosting.Lifetime) Now listening on: "https://localhost:7143"
2023-11-29T09:14:21.6805580+00:00 [INF] (Microsoft.Hosting.Lifetime) Now listening on: "http://localhost:5225"
2023-11-29T09:14:21.6839004+00:00 [INF] (Microsoft.Hosting.Lifetime) Application started. Press Ctrl+C to shut down.
2023-11-29T09:14:21.6846055+00:00 [INF] (Microsoft.Hosting.Lifetime) Hosting environment: "Development"
2023-11-29T09:14:21.6847713+00:00 [INF] (Microsoft.Hosting.Lifetime) Content root path: "C:\Users\AGueye1\source\repos\NetCore\Cafetaria\CantineBack\"
2023-11-29T09:43:57.5166669+00:00 [INF] (Microsoft.Hosting.Lifetime) Now listening on: "https://localhost:7143"
2023-11-29T09:43:57.5841153+00:00 [INF] (Microsoft.Hosting.Lifetime) Now listening on: "http://localhost:5225"
2023-11-29T09:43:57.5896911+00:00 [INF] (Microsoft.Hosting.Lifetime) Application started. Press Ctrl+C to shut down.
2023-11-29T09:43:57.5909948+00:00 [INF] (Microsoft.Hosting.Lifetime) Hosting environment: "Development"
2023-11-29T09:43:57.5912833+00:00 [INF] (Microsoft.Hosting.Lifetime) Content root path: "C:\Users\AGueye1\source\repos\NetCore\Cafetaria\CantineBack\"
2023-11-29T10:25:09.4119014+00:00 [INF] (Microsoft.Hosting.Lifetime) Now listening on: "https://localhost:7143"
2023-11-29T10:25:09.4459885+00:00 [INF] (Microsoft.Hosting.Lifetime) Now listening on: "http://localhost:5225"
2023-11-29T10:25:09.4488691+00:00 [INF] (Microsoft.Hosting.Lifetime) Application started. Press Ctrl+C to shut down.
2023-11-29T10:25:09.4492752+00:00 [INF] (Microsoft.Hosting.Lifetime) Hosting environment: "Development"
2023-11-29T10:25:09.4493453+00:00 [INF] (Microsoft.Hosting.Lifetime) Content root path: "C:\Users\AGueye1\source\repos\NetCore\Cafetaria\CantineBack\"
2023-11-29T12:54:51.1881190+00:00 [ERR] (CantineBack.Helpers.ErrorHandlerMiddleware) Method not found: 'Void CantineBack.Models.Dtos.SoldAmountReport.set_UseDateTimeFilter(Boolean)'. -- Stack Trace    at CantineBack.Controllers.CommandesController.GetSoldAmountByPaymentMethod(SoldAmountRequest soldAmountRequest)
   at lambda_method1161(Closure , Object , Object[] )
   at Microsoft.AspNetCore.Mvc.Infrastructure.ActionMethodExecutor.SyncObjectResultExecutor.Execute(IActionResultTypeMapper mapper, ObjectMethodExecutor executor, Object controller, Object[] arguments)
   at Microsoft.AspNetCore.Mvc.Infrastructure.ControllerActionInvoker.<InvokeActionMethodAsync>g__Logged|12_1(ControllerActionInvoker invoker)
   at Microsoft.AspNetCore.Mvc.Infrastructure.ControllerActionInvoker.<InvokeNextActionFilterAsync>g__Awaited|10_0(ControllerActionInvoker invoker, Task lastTask, State next, Scope scope, Object state, Boolean isCompleted)
   at Microsoft.AspNetCore.Mvc.Infrastructure.ControllerActionInvoker.Rethrow(ActionExecutedContextSealed context)
   at Microsoft.AspNetCore.Mvc.Infrastructure.ControllerActionInvoker.Next(State& next, Scope& scope, Object& state, Boolean& isCompleted)
   at Microsoft.AspNetCore.Mvc.Infrastructure.ControllerActionInvoker.InvokeInnerFilterAsync()
--- End of stack trace from previous location ---
   at Microsoft.AspNetCore.Mvc.Infrastructure.ResourceInvoker.<InvokeFilterPipelineAsync>g__Awaited|20_0(ResourceInvoker invoker, Task lastTask, State next, Scope scope, Object state, Boolean isCompleted)
   at Microsoft.AspNetCore.Mvc.Infrastructure.ResourceInvoker.<InvokeAsync>g__Logged|17_1(ResourceInvoker invoker)
   at Microsoft.AspNetCore.Mvc.Infrastructure.ResourceInvoker.<InvokeAsync>g__Logged|17_1(ResourceInvoker invoker)
   at Microsoft.AspNetCore.Routing.EndpointMiddleware.<Invoke>g__AwaitRequestTask|6_0(Endpoint endpoint, Task requestTask, ILogger logger)
   at CantineBack.Helpers.ErrorHandlerMiddleware.Invoke(HttpContext context)
2023-11-29T12:55:30.4176665+00:00 [ERR] (CantineBack.Helpers.ErrorHandlerMiddleware) Method not found: 'Void CantineBack.Models.Dtos.SoldAmountReport.set_UseDateTimeFilter(Boolean)'. -- Stack Trace    at CantineBack.Controllers.CommandesController.GetSoldAmountByPaymentMethod(SoldAmountRequest soldAmountRequest)
   at lambda_method1161(Closure , Object , Object[] )
   at Microsoft.AspNetCore.Mvc.Infrastructure.ActionMethodExecutor.SyncObjectResultExecutor.Execute(IActionResultTypeMapper mapper, ObjectMethodExecutor executor, Object controller, Object[] arguments)
   at Microsoft.AspNetCore.Mvc.Infrastructure.ControllerActionInvoker.<InvokeActionMethodAsync>g__Logged|12_1(ControllerActionInvoker invoker)
   at Microsoft.AspNetCore.Mvc.Infrastructure.ControllerActionInvoker.<InvokeNextActionFilterAsync>g__Awaited|10_0(ControllerActionInvoker invoker, Task lastTask, State next, Scope scope, Object state, Boolean isCompleted)
   at Microsoft.AspNetCore.Mvc.Infrastructure.ControllerActionInvoker.Rethrow(ActionExecutedContextSealed context)
   at Microsoft.AspNetCore.Mvc.Infrastructure.ControllerActionInvoker.Next(State& next, Scope& scope, Object& state, Boolean& isCompleted)
   at Microsoft.AspNetCore.Mvc.Infrastructure.ControllerActionInvoker.InvokeInnerFilterAsync()
--- End of stack trace from previous location ---
   at Microsoft.AspNetCore.Mvc.Infrastructure.ResourceInvoker.<InvokeFilterPipelineAsync>g__Awaited|20_0(ResourceInvoker invoker, Task lastTask, State next, Scope scope, Object state, Boolean isCompleted)
   at Microsoft.AspNetCore.Mvc.Infrastructure.ResourceInvoker.<InvokeAsync>g__Logged|17_1(ResourceInvoker invoker)
   at Microsoft.AspNetCore.Mvc.Infrastructure.ResourceInvoker.<InvokeAsync>g__Logged|17_1(ResourceInvoker invoker)
   at Microsoft.AspNetCore.Routing.EndpointMiddleware.<Invoke>g__AwaitRequestTask|6_0(Endpoint endpoint, Task requestTask, ILogger logger)
   at CantineBack.Helpers.ErrorHandlerMiddleware.Invoke(HttpContext context)
2023-11-29T12:55:53.5501083+00:00 [INF] (Microsoft.Hosting.Lifetime) Now listening on: "https://localhost:7143"
2023-11-29T12:55:53.5888719+00:00 [INF] (Microsoft.Hosting.Lifetime) Now listening on: "http://localhost:5225"
2023-11-29T12:55:53.5928184+00:00 [INF] (Microsoft.Hosting.Lifetime) Application started. Press Ctrl+C to shut down.
2023-11-29T12:55:53.5934297+00:00 [INF] (Microsoft.Hosting.Lifetime) Hosting environment: "Development"
2023-11-29T12:55:53.5935510+00:00 [INF] (Microsoft.Hosting.Lifetime) Content root path: "C:\Users\AGueye1\source\repos\NetCore\Cafetaria\CantineBack\"
