2023-11-27T11:24:20.3909451+00:00 [INF] (Microsoft.Hosting.Lifetime) Now listening on: "https://localhost:7143"
2023-11-27T11:24:20.7679990+00:00 [INF] (Microsoft.Hosting.Lifetime) Now listening on: "http://localhost:5225"
2023-11-27T11:24:20.7756106+00:00 [INF] (Microsoft.Hosting.Lifetime) Application started. Press Ctrl+C to shut down.
2023-11-27T11:24:20.7851137+00:00 [INF] (Microsoft.Hosting.Lifetime) Hosting environment: "Development"
2023-11-27T11:24:20.7854228+00:00 [INF] (Microsoft.Hosting.Lifetime) Content root path: "C:\Users\AGueye1\source\repos\NetCore\Cafetaria\CantineBack\"
2023-11-27T11:49:51.1583094+00:00 [INF] (Microsoft.Hosting.Lifetime) Now listening on: "https://localhost:7143"
2023-11-27T11:49:51.3168718+00:00 [INF] (Microsoft.Hosting.Lifetime) Now listening on: "http://localhost:5225"
2023-11-27T11:49:51.3219128+00:00 [INF] (Microsoft.Hosting.Lifetime) Application started. Press Ctrl+C to shut down.
2023-11-27T11:49:51.3225001+00:00 [INF] (Microsoft.Hosting.Lifetime) Hosting environment: "Development"
2023-11-27T11:49:51.3226191+00:00 [INF] (Microsoft.Hosting.Lifetime) Content root path: "C:\Users\AGueye1\source\repos\NetCore\Cafetaria\CantineBack\"
2023-11-27T11:55:56.8092505+00:00 [INF] (Microsoft.Hosting.Lifetime) Now listening on: "https://localhost:7143"
2023-11-27T11:55:56.8730164+00:00 [INF] (Microsoft.Hosting.Lifetime) Now listening on: "http://localhost:5225"
2023-11-27T11:55:56.8947129+00:00 [INF] (Microsoft.Hosting.Lifetime) Application started. Press Ctrl+C to shut down.
2023-11-27T11:55:56.8961536+00:00 [INF] (Microsoft.Hosting.Lifetime) Hosting environment: "Development"
2023-11-27T11:55:56.8963871+00:00 [INF] (Microsoft.Hosting.Lifetime) Content root path: "C:\Users\AGueye1\source\repos\NetCore\Cafetaria\CantineBack\"
2023-11-27T11:56:21.6637445+00:00 [INF] (Microsoft.Hosting.Lifetime) Now listening on: "https://localhost:7143"
2023-11-27T11:56:21.7032575+00:00 [INF] (Microsoft.Hosting.Lifetime) Now listening on: "http://localhost:5225"
2023-11-27T11:56:21.7062445+00:00 [INF] (Microsoft.Hosting.Lifetime) Application started. Press Ctrl+C to shut down.
2023-11-27T11:56:21.7066513+00:00 [INF] (Microsoft.Hosting.Lifetime) Hosting environment: "Development"
2023-11-27T11:56:21.7067242+00:00 [INF] (Microsoft.Hosting.Lifetime) Content root path: "C:\Users\AGueye1\source\repos\NetCore\Cafetaria\CantineBack\"
2023-11-27T14:28:35.6941451+00:00 [INF] (Microsoft.Hosting.Lifetime) Now listening on: "https://localhost:7143"
2023-11-27T14:28:35.7743281+00:00 [INF] (Microsoft.Hosting.Lifetime) Now listening on: "http://localhost:5225"
2023-11-27T14:28:35.7814544+00:00 [INF] (Microsoft.Hosting.Lifetime) Application started. Press Ctrl+C to shut down.
2023-11-27T14:28:35.7823078+00:00 [INF] (Microsoft.Hosting.Lifetime) Hosting environment: "Development"
2023-11-27T14:28:35.7824806+00:00 [INF] (Microsoft.Hosting.Lifetime) Content root path: "C:\Users\AGueye1\source\repos\NetCore\Cafetaria\CantineBack\"
2023-11-27T15:33:46.5493508+00:00 [INF] (Microsoft.Hosting.Lifetime) Now listening on: "https://localhost:7143"
2023-11-27T15:33:46.6196705+00:00 [INF] (Microsoft.Hosting.Lifetime) Now listening on: "http://localhost:5225"
2023-11-27T15:33:46.6264091+00:00 [INF] (Microsoft.Hosting.Lifetime) Application started. Press Ctrl+C to shut down.
2023-11-27T15:33:46.6270144+00:00 [INF] (Microsoft.Hosting.Lifetime) Hosting environment: "Development"
2023-11-27T15:33:46.6271606+00:00 [INF] (Microsoft.Hosting.Lifetime) Content root path: "C:\Users\AGueye1\source\repos\NetCore\Cafetaria\CantineBack\"
2023-11-27T15:38:03.1570231+00:00 [INF] (Microsoft.Hosting.Lifetime) Now listening on: "https://localhost:7143"
2023-11-27T15:38:03.2940503+00:00 [INF] (Microsoft.Hosting.Lifetime) Now listening on: "http://localhost:5225"
2023-11-27T15:38:03.2988740+00:00 [INF] (Microsoft.Hosting.Lifetime) Application started. Press Ctrl+C to shut down.
2023-11-27T15:38:03.2995606+00:00 [INF] (Microsoft.Hosting.Lifetime) Hosting environment: "Development"
2023-11-27T15:38:03.2997117+00:00 [INF] (Microsoft.Hosting.Lifetime) Content root path: "C:\Users\AGueye1\source\repos\NetCore\Cafetaria\CantineBack\"
2023-11-27T15:39:29.0116989+00:00 [INF] (Microsoft.Hosting.Lifetime) Now listening on: "https://localhost:7143"
2023-11-27T15:39:29.0835825+00:00 [INF] (Microsoft.Hosting.Lifetime) Now listening on: "http://localhost:5225"
2023-11-27T15:39:29.0895405+00:00 [INF] (Microsoft.Hosting.Lifetime) Application started. Press Ctrl+C to shut down.
2023-11-27T15:39:29.0902683+00:00 [INF] (Microsoft.Hosting.Lifetime) Hosting environment: "Development"
2023-11-27T15:39:29.0904074+00:00 [INF] (Microsoft.Hosting.Lifetime) Content root path: "C:\Users\AGueye1\source\repos\NetCore\Cafetaria\CantineBack\"
2023-11-27T15:41:43.3769761+00:00 [INF] (Microsoft.Hosting.Lifetime) Now listening on: "https://localhost:7143"
2023-11-27T15:41:43.6327724+00:00 [INF] (Microsoft.Hosting.Lifetime) Now listening on: "http://localhost:5225"
2023-11-27T15:41:43.6379386+00:00 [INF] (Microsoft.Hosting.Lifetime) Application started. Press Ctrl+C to shut down.
2023-11-27T15:41:43.6386154+00:00 [INF] (Microsoft.Hosting.Lifetime) Hosting environment: "Development"
2023-11-27T15:41:43.6387556+00:00 [INF] (Microsoft.Hosting.Lifetime) Content root path: "C:\Users\AGueye1\source\repos\NetCore\Cafetaria\CantineBack\"
2023-11-27T15:43:44.9200220+00:00 [INF] (Microsoft.Hosting.Lifetime) Now listening on: "https://localhost:7143"
2023-11-27T15:43:44.9740848+00:00 [INF] (Microsoft.Hosting.Lifetime) Now listening on: "http://localhost:5225"
2023-11-27T15:43:44.9784181+00:00 [INF] (Microsoft.Hosting.Lifetime) Application started. Press Ctrl+C to shut down.
2023-11-27T15:43:44.9789198+00:00 [INF] (Microsoft.Hosting.Lifetime) Hosting environment: "Development"
2023-11-27T15:43:44.9789980+00:00 [INF] (Microsoft.Hosting.Lifetime) Content root path: "C:\Users\AGueye1\source\repos\NetCore\Cafetaria\CantineBack\"
